[20Mar2026 16:57:44.431] [main/INFO] [cpw.mods.modlauncher.Launcher/MODLAUNCHER]: ModLauncher running: args [--launchTarget, forgeserverdev, --gameDir, ., --fml.fmlVersion, 4.0.42, --fml.mcVersion, 1.21.1, --fml.neoForgeVersion, 21.1.219, --fml.neoFormVersion, 20240808.144430, --nogui]
[20Mar2026 16:57:44.434] [main/INFO] [cpw.mods.modlauncher.Launcher/MODLAUNCHER]: JVM identified as Arch Linux OpenJDK 64-Bit Server VM 21.0.10+7
[20Mar2026 16:57:44.436] [main/INFO] [cpw.mods.modlauncher.Launcher/MODLAUNCHER]: ModLauncher 11.0.5+main.901c6ea8 starting: java version 21.0.10 by Arch Linux; OS Linux arch amd64 version 6.18.9-zen1-2-zen
[20Mar2026 16:57:44.620] [main/INFO] [net.neoforged.fml.loading.ImmediateWindowHandler/]: ImmediateWindowProvider not loading because launch target is forgeserverdev
[20Mar2026 16:57:44.711] [main/INFO] [mixin/]: SpongePowered MIXIN Subsystem Version=0.8.7 Source=union:/home/nidhoggur/.gradle/caches/modules-2/files-2.1/net.fabricmc/sponge-mixin/0.15.2+mixin.0.8.7/2af2f021d8e02a0220dc27a7a72b4666d66d44ca/sponge-mixin-0.15.2+mixin.0.8.7.jar%2394!/ Service=ModLauncher Env=SERVER
[20Mar2026 16:57:45.205] [main/INFO] [net.neoforged.fml.loading.moddiscovery.locators.JarInJarDependencyLocator/]: Found 2 dependencies adding them to mods collection
[20Mar2026 16:57:45.208] [main/INFO] [net.neoforged.fml.loading.moddiscovery.ModDiscoverer/]: 
     Mod List:
		Name Version (Mod Id)

		fluxbox 1.0-SNAPSHOT (fluxbox)
		Minecraft 1.21.1 (minecraft)
		NeoForge 21.1.219 (neoforge)
[20Mar2026 16:57:46.158] [main/INFO] [cpw.mods.modlauncher.LaunchServiceHandler/MODLAUNCHER]: Launching target 'forgeserverdev' with arguments [--gameDir, ., --nogui]
[20Mar2026 16:57:48.969] [main/INFO] [MixinExtras|Service/]: Initializing MixinExtras via com.llamalad7.mixinextras.service.MixinExtrasServiceImpl(version=0.5.0).
[20Mar2026 16:57:56.291] [main/WARN] [net.minecraft.commands.Commands/]: Ambiguity between arguments [teleport, location] and [teleport, destination] with inputs: [0.1 -0.5 .9, 0 0 0]
[20Mar2026 16:57:56.293] [main/WARN] [net.minecraft.commands.Commands/]: Ambiguity between arguments [teleport, location] and [teleport, targets] with inputs: [0.1 -0.5 .9, 0 0 0]
[20Mar2026 16:57:56.297] [main/WARN] [net.minecraft.commands.Commands/]: Ambiguity between arguments [teleport, destination] and [teleport, targets] with inputs: [Player, 0123, @e, dd12be42-52a9-4a91-a8a1-11c01849e498]
[20Mar2026 16:57:56.298] [main/WARN] [net.minecraft.commands.Commands/]: Ambiguity between arguments [teleport, targets] and [teleport, destination] with inputs: [Player, 0123, dd12be42-52a9-4a91-a8a1-11c01849e498]
[20Mar2026 16:57:56.300] [main/WARN] [net.minecraft.commands.Commands/]: Ambiguity between arguments [teleport, targets, location] and [teleport, targets, destination] with inputs: [0.1 -0.5 .9, 0 0 0]
[20Mar2026 16:57:56.383] [modloading-worker-0/INFO] [net.neoforged.neoforge.common.NeoForgeMod/NEOFORGE-MOD]: NeoForge mod loading, version 21.1.219, for MC 1.21.1
[20Mar2026 16:57:56.741] [modloading-worker-0/INFO] [uwu.sillydevteam.fluxbox.Fluxbox/]: HELLO FROM COMMON SETUP
[20Mar2026 16:57:56.741] [modloading-worker-0/INFO] [uwu.sillydevteam.fluxbox.Fluxbox/]: DIRT BLOCK >> minecraft:dirt
[20Mar2026 16:57:56.741] [modloading-worker-0/INFO] [uwu.sillydevteam.fluxbox.Fluxbox/]: The magic number is... 42
[20Mar2026 16:57:56.742] [modloading-worker-0/INFO] [uwu.sillydevteam.fluxbox.Fluxbox/]: ITEM >> minecraft:iron_ingot
[20Mar2026 16:57:56.749] [modloading-worker-0/INFO] [uwu.sillydevteam.fluxbox.Fluxbox/]: Hellow from sewvew setup :3
[20Mar2026 16:57:56.917] [main/INFO] [com.mojang.authlib.yggdrasil.YggdrasilAuthenticationService/]: Environment: Environment[sessionHost=https://sessionserver.mojang.com, servicesHost=https://api.minecraftservices.com, name=PROD]
[20Mar2026 16:57:57.030] [main/WARN] [net.minecraft.server.packs.VanillaPackResourcesBuilder/]: Assets URL 'union:/home/nidhoggur/IdeaProjects/fluxbox/build/moddev/artifacts/neoforge-21.1.219.jar%23125!/assets/.mcassetsroot' uses unexpected schema
[20Mar2026 16:57:57.031] [main/WARN] [net.minecraft.server.packs.VanillaPackResourcesBuilder/]: Assets URL 'union:/home/nidhoggur/IdeaProjects/fluxbox/build/moddev/artifacts/neoforge-21.1.219.jar%23125!/data/.mcassetsroot' uses unexpected schema
[20Mar2026 16:57:58.561] [main/INFO] [net.minecraft.world.item.crafting.RecipeManager/]: Loaded 1290 recipes
[20Mar2026 16:57:58.851] [main/INFO] [net.minecraft.advancements.AdvancementTree/]: Loaded 1399 advancements
[20Mar2026 16:57:59.514] [Server thread/INFO] [net.minecraft.server.dedicated.DedicatedServer/]: Starting minecraft server version 1.21.1
[20Mar2026 16:57:59.515] [Server thread/INFO] [net.minecraft.server.dedicated.DedicatedServer/]: Loading properties
[20Mar2026 16:57:59.515] [Server thread/INFO] [net.minecraft.server.dedicated.DedicatedServer/]: Default game type: SURVIVAL
[20Mar2026 16:57:59.515] [Server thread/INFO] [net.minecraft.server.MinecraftServer/]: Generating keypair
[20Mar2026 16:57:59.605] [Server thread/INFO] [net.minecraft.server.dedicated.DedicatedServer/]: Starting Minecraft server on *:25565
[20Mar2026 16:57:59.659] [Server thread/INFO] [net.minecraft.server.network.ServerConnectionListener/]: Using epoll channel type
[20Mar2026 16:57:59.697] [Server thread/WARN] [net.minecraft.server.dedicated.DedicatedServer/]: **** SERVER IS RUNNING IN OFFLINE/INSECURE MODE!
[20Mar2026 16:57:59.698] [Server thread/WARN] [net.minecraft.server.dedicated.DedicatedServer/]: The server will make no attempt to authenticate usernames. Beware.
[20Mar2026 16:57:59.698] [Server thread/WARN] [net.minecraft.server.dedicated.DedicatedServer/]: While this makes the game possible to play without internet access, it also opens up the ability for hackers to connect with any username they choose.
[20Mar2026 16:57:59.698] [Server thread/WARN] [net.minecraft.server.dedicated.DedicatedServer/]: To change this, set "online-mode" to "true" in the server.properties file.
[20Mar2026 16:57:59.756] [Server thread/INFO] [net.minecraft.server.dedicated.DedicatedServer/]: Preparing level "world"
[20Mar2026 16:58:05.662] [Server thread/INFO] [net.minecraft.server.MinecraftServer/]: Preparing start region for dimension minecraft:overworld
[20Mar2026 16:58:05.711] [worldgen/INFO] [net.minecraft.server.level.progress.LoggerChunkProgressListener/]: Preparing spawn area: 2%
[20Mar2026 16:58:06.168] [worldgen/INFO] [net.minecraft.server.level.progress.LoggerChunkProgressListener/]: Preparing spawn area: 2%
[20Mar2026 16:58:06.664] [worldgen/INFO] [net.minecraft.server.level.progress.LoggerChunkProgressListener/]: Preparing spawn area: 2%
[20Mar2026 16:58:07.165] [worldgen/INFO] [net.minecraft.server.level.progress.LoggerChunkProgressListener/]: Preparing spawn area: 2%
[20Mar2026 16:58:08.395] [worldgen/INFO] [net.minecraft.server.level.progress.LoggerChunkProgressListener/]: Preparing spawn area: 10%
[20Mar2026 16:58:08.396] [worldgen/INFO] [net.minecraft.server.level.progress.LoggerChunkProgressListener/]: Preparing spawn area: 10%
[20Mar2026 16:58:08.723] [worldgen/INFO] [net.minecraft.server.level.progress.LoggerChunkProgressListener/]: Preparing spawn area: 18%
[20Mar2026 16:58:09.174] [worldgen/INFO] [net.minecraft.server.level.progress.LoggerChunkProgressListener/]: Preparing spawn area: 18%
[20Mar2026 16:58:09.667] [worldgen/INFO] [net.minecraft.server.level.progress.LoggerChunkProgressListener/]: Preparing spawn area: 28%
[20Mar2026 16:58:10.166] [worldgen/INFO] [net.minecraft.server.level.progress.LoggerChunkProgressListener/]: Preparing spawn area: 51%
[20Mar2026 16:58:10.664] [worldgen/INFO] [net.minecraft.server.level.progress.LoggerChunkProgressListener/]: Preparing spawn area: 51%
[20Mar2026 16:58:11.284] [Server thread/INFO] [net.minecraft.server.level.progress.LoggerChunkProgressListener/]: Time elapsed: 5622 ms
[20Mar2026 16:58:11.285] [Server thread/INFO] [net.minecraft.server.dedicated.DedicatedServer/]: Done (11.570s)! For help, type "help"
[20Mar2026 16:58:11.302] [LanServerPinger #1/WARN] [net.minecraft.client.server.LanServerPinger/]: LanServerPinger: Network is unreachable
[20Mar2026 16:58:11.336] [Server thread/INFO] [net.neoforged.neoforge.gametest.GameTestHooks/]: Enabled Gametest Namespaces: [fluxbox]
[20Mar2026 16:58:11.341] [Server thread/INFO] [net.neoforged.neoforge.server.permission.PermissionAPI/]: Successfully initialized permission handler neoforge:default_handler
[20Mar2026 16:58:11.342] [Server thread/INFO] [uwu.sillydevteam.fluxbox.Fluxbox/]: HELLO from server starting
[20Mar2026 16:58:43.095] [Server thread/INFO] [net.minecraft.server.MinecraftServer/]: Stopping server
[20Mar2026 16:58:43.096] [Server thread/INFO] [net.minecraft.server.MinecraftServer/]: Saving players
[20Mar2026 16:58:43.097] [Server thread/INFO] [net.minecraft.server.MinecraftServer/]: Saving worlds
[20Mar2026 16:58:45.691] [Server thread/INFO] [net.minecraft.server.MinecraftServer/]: Saving chunks for level 'ServerLevel[world]'/minecraft:overworld
[20Mar2026 16:58:45.715] [Server thread/INFO] [net.minecraft.server.MinecraftServer/]: Saving chunks for level 'ServerLevel[world]'/minecraft:the_nether
[20Mar2026 16:58:45.720] [Server thread/INFO] [net.minecraft.server.MinecraftServer/]: Saving chunks for level 'ServerLevel[world]'/minecraft:the_end
[20Mar2026 16:58:45.730] [Server thread/INFO] [net.minecraft.server.MinecraftServer/]: ThreadedAnvilChunkStorage (world): All chunks are saved
[20Mar2026 16:58:45.731] [Server thread/INFO] [net.minecraft.server.MinecraftServer/]: ThreadedAnvilChunkStorage (DIM-1): All chunks are saved
[20Mar2026 16:58:45.731] [Server thread/INFO] [net.minecraft.server.MinecraftServer/]: ThreadedAnvilChunkStorage (DIM1): All chunks are saved
[20Mar2026 16:58:45.731] [Server thread/INFO] [net.minecraft.server.MinecraftServer/]: ThreadedAnvilChunkStorage: All dimensions are saved
